2025/02/18 17:52:27 [emerg] 1#1: host not found in "${NGINX_PORT}" of the "listen" directive in /etc/nginx/conf.d/default.conf:2
2025/02/18 18:06:19 [emerg] 1#1: host not found in "${NGINX_PORT}" of the "listen" directive in /etc/nginx/conf.d/default.conf:2
2025/02/18 18:14:24 [emerg] 1#1: host not found in "${NGINX_PORT}" of the "listen" directive in /etc/nginx/conf.d/default.conf:2
2025/02/18 18:19:10 [emerg] 1#1: host not found in "${NGINX_PORT}" of the "listen" directive in /etc/nginx/conf.d/default.conf:2
2025/02/18 18:19:14 [emerg] 1#1: host not found in "${NGINX_PORT}" of the "listen" directive in /etc/nginx/conf.d/default.conf:2
2025/02/18 18:19:21 [emerg] 1#1: host not found in "${NGINX_PORT}" of the "listen" directive in /etc/nginx/conf.d/default.conf:2
2025/02/18 18:22:12 [emerg] 1#1: host not found in "${NGINX_PORT}" of the "listen" directive in /etc/nginx/conf.d/default.conf:2
2025/02/18 18:25:16 [notice] 1#1: using the "epoll" event method
2025/02/18 18:25:16 [notice] 1#1: nginx/1.27.4
2025/02/18 18:25:16 [notice] 1#1: built by gcc 14.2.0 (Alpine 14.2.0) 
2025/02/18 18:25:16 [notice] 1#1: OS: Linux 6.12.5-linuxkit
2025/02/18 18:25:16 [notice] 1#1: getrlimit(RLIMIT_NOFILE): 1048576:1048576
2025/02/18 18:25:16 [notice] 1#1: start worker processes
2025/02/18 18:25:16 [notice] 1#1: start worker process 30
2025/02/18 18:25:16 [notice] 1#1: start worker process 31
2025/02/18 18:25:16 [notice] 1#1: start worker process 32
2025/02/18 18:25:16 [notice] 1#1: start worker process 33
2025/02/18 18:25:16 [notice] 1#1: start worker process 34
2025/02/18 18:25:16 [notice] 1#1: start worker process 35
2025/02/18 18:25:16 [notice] 1#1: start worker process 36
2025/02/18 18:25:16 [notice] 1#1: start worker process 37
2025/02/18 18:25:16 [notice] 1#1: start worker process 38
2025/02/18 18:25:16 [notice] 1#1: start worker process 39
2025/02/18 18:25:16 [notice] 1#1: start worker process 40
2025/02/18 18:25:16 [notice] 1#1: start worker process 41
2025/02/18 18:25:16 [notice] 1#1: start worker process 42
2025/02/18 18:25:16 [notice] 1#1: start worker process 43
2025/02/18 18:25:16 [notice] 1#1: start worker process 44
2025/02/18 18:25:16 [notice] 1#1: start worker process 45
2025/02/18 18:25:37 [error] 30#30: *1 open() "/usr/share/nginx/html/favicon.ico" failed (2: No such file or directory), client: 192.168.65.1, server: localhost, request: "GET /favicon.ico HTTP/1.1", host: "localhost", referrer: "http://localhost/"
2025/02/18 18:26:47 [error] 31#31: *2 "/usr/share/nginx/html/minio/index.html" is not found (2: No such file or directory), client: 192.168.65.1, server: localhost, request: "GET /minio/ HTTP/1.1", host: "localhost"
2025/02/18 18:28:46 [notice] 1#1: signal 3 (SIGQUIT) received, shutting down
2025/02/18 18:28:46 [notice] 37#37: gracefully shutting down
2025/02/18 18:28:46 [notice] 32#32: gracefully shutting down
2025/02/18 18:28:46 [notice] 32#32: exiting
2025/02/18 18:28:46 [notice] 30#30: gracefully shutting down
2025/02/18 18:28:46 [notice] 30#30: exiting
2025/02/18 18:28:46 [notice] 31#31: gracefully shutting down
2025/02/18 18:28:46 [notice] 40#40: gracefully shutting down
2025/02/18 18:28:46 [notice] 41#41: gracefully shutting down
2025/02/18 18:28:46 [notice] 42#42: gracefully shutting down
2025/02/18 18:28:46 [notice] 42#42: exiting
2025/02/18 18:28:46 [notice] 33#33: gracefully shutting down
2025/02/18 18:28:46 [notice] 39#39: gracefully shutting down
2025/02/18 18:28:46 [notice] 39#39: exiting
2025/02/18 18:28:46 [notice] 43#43: gracefully shutting down
2025/02/18 18:28:46 [notice] 44#44: gracefully shutting down
2025/02/18 18:28:46 [notice] 45#45: gracefully shutting down
2025/02/18 18:28:46 [notice] 36#36: gracefully shutting down
2025/02/18 18:28:46 [notice] 35#35: gracefully shutting down
2025/02/18 18:28:46 [notice] 35#35: exiting
2025/02/18 18:28:46 [notice] 38#38: gracefully shutting down
2025/02/18 18:28:46 [notice] 34#34: gracefully shutting down
2025/02/18 18:28:46 [notice] 37#37: exiting
2025/02/18 18:28:46 [notice] 32#32: exit
2025/02/18 18:28:46 [notice] 30#30: exit
2025/02/18 18:28:46 [notice] 31#31: exiting
2025/02/18 18:28:46 [notice] 40#40: exiting
2025/02/18 18:28:46 [notice] 41#41: exiting
2025/02/18 18:28:46 [notice] 40#40: exit
2025/02/18 18:28:46 [notice] 41#41: exit
2025/02/18 18:28:46 [notice] 33#33: exiting
2025/02/18 18:28:46 [notice] 33#33: exit
2025/02/18 18:28:46 [notice] 42#42: exit
2025/02/18 18:28:46 [notice] 39#39: exit
2025/02/18 18:28:46 [notice] 43#43: exiting
2025/02/18 18:28:46 [notice] 44#44: exiting
2025/02/18 18:28:46 [notice] 45#45: exiting
2025/02/18 18:28:46 [notice] 36#36: exiting
2025/02/18 18:28:46 [notice] 45#45: exit
2025/02/18 18:28:46 [notice] 35#35: exit
2025/02/18 18:28:46 [notice] 38#38: exiting
2025/02/18 18:28:46 [notice] 34#34: exiting
2025/02/18 18:28:46 [notice] 38#38: exit
2025/02/18 18:28:46 [notice] 37#37: exit
2025/02/18 18:28:46 [notice] 31#31: exit
2025/02/18 18:28:46 [notice] 43#43: exit
2025/02/18 18:28:46 [notice] 44#44: exit
2025/02/18 18:28:46 [notice] 36#36: exit
2025/02/18 18:28:46 [notice] 34#34: exit
2025/02/18 18:28:46 [notice] 1#1: signal 17 (SIGCHLD) received from 32
2025/02/18 18:28:46 [notice] 1#1: worker process 32 exited with code 0
2025/02/18 18:28:46 [notice] 1#1: signal 29 (SIGIO) received
2025/02/18 18:28:46 [notice] 1#1: signal 17 (SIGCHLD) received from 30
2025/02/18 18:28:46 [notice] 1#1: worker process 30 exited with code 0
2025/02/18 18:28:46 [notice] 1#1: signal 29 (SIGIO) received
2025/02/18 18:28:46 [notice] 1#1: signal 17 (SIGCHLD) received from 41
2025/02/18 18:28:46 [notice] 1#1: worker process 41 exited with code 0
2025/02/18 18:28:46 [notice] 1#1: worker process 40 exited with code 0
2025/02/18 18:28:46 [notice] 1#1: signal 29 (SIGIO) received
2025/02/18 18:28:46 [notice] 1#1: signal 17 (SIGCHLD) received from 40
2025/02/18 18:28:46 [notice] 1#1: signal 17 (SIGCHLD) received from 38
2025/02/18 18:28:46 [notice] 1#1: worker process 33 exited with code 0
2025/02/18 18:28:46 [notice] 1#1: worker process 36 exited with code 0
2025/02/18 18:28:46 [notice] 1#1: worker process 31 exited with code 0
2025/02/18 18:28:46 [notice] 1#1: worker process 35 exited with code 0
2025/02/18 18:28:46 [notice] 1#1: worker process 37 exited with code 0
2025/02/18 18:28:46 [notice] 1#1: worker process 38 exited with code 0
2025/02/18 18:28:46 [notice] 1#1: worker process 39 exited with code 0
2025/02/18 18:28:46 [notice] 1#1: worker process 42 exited with code 0
2025/02/18 18:28:46 [notice] 1#1: worker process 43 exited with code 0
2025/02/18 18:28:46 [notice] 1#1: worker process 44 exited with code 0
2025/02/18 18:28:46 [notice] 1#1: worker process 34 exited with code 0
2025/02/18 18:28:46 [notice] 1#1: worker process 45 exited with code 0
2025/02/18 18:28:46 [notice] 1#1: exit
2025/02/18 18:30:45 [notice] 1#1: using the "epoll" event method
2025/02/18 18:30:45 [notice] 1#1: nginx/1.27.4
2025/02/18 18:30:45 [notice] 1#1: built by gcc 14.2.0 (Alpine 14.2.0) 
2025/02/18 18:30:45 [notice] 1#1: OS: Linux 6.12.5-linuxkit
2025/02/18 18:30:45 [notice] 1#1: getrlimit(RLIMIT_NOFILE): 1048576:1048576
2025/02/18 18:30:45 [notice] 1#1: start worker processes
2025/02/18 18:30:45 [notice] 1#1: start worker process 30
2025/02/18 18:30:45 [notice] 1#1: start worker process 31
2025/02/18 18:30:45 [notice] 1#1: start worker process 32
2025/02/18 18:30:45 [notice] 1#1: start worker process 33
2025/02/18 18:30:45 [notice] 1#1: start worker process 34
2025/02/18 18:30:45 [notice] 1#1: start worker process 35
2025/02/18 18:30:45 [notice] 1#1: start worker process 36
2025/02/18 18:30:45 [notice] 1#1: start worker process 37
2025/02/18 18:30:45 [notice] 1#1: start worker process 38
2025/02/18 18:30:45 [notice] 1#1: start worker process 39
2025/02/18 18:30:45 [notice] 1#1: start worker process 40
2025/02/18 18:30:45 [notice] 1#1: start worker process 41
2025/02/18 18:30:45 [notice] 1#1: start worker process 42
2025/02/18 18:30:45 [notice] 1#1: start worker process 43
2025/02/18 18:30:45 [notice] 1#1: start worker process 44
2025/02/18 18:30:45 [notice] 1#1: start worker process 45
2025/02/18 18:30:59 [error] 30#30: *1 "/usr/share/nginx/html/minio/index.html" is not found (2: No such file or directory), client: 192.168.65.1, server: localhost, request: "GET /minio/ HTTP/1.1", host: "localhost"
2025/02/18 18:31:05 [error] 30#30: *1 open() "/usr/share/nginx/html/minio" failed (2: No such file or directory), client: 192.168.65.1, server: localhost, request: "GET /minio HTTP/1.1", host: "localhost"
2025/02/18 18:41:17 [notice] 1#1: signal 3 (SIGQUIT) received, shutting down
2025/02/18 18:41:17 [notice] 31#31: gracefully shutting down
2025/02/18 18:41:17 [notice] 31#31: exiting
2025/02/18 18:41:17 [notice] 33#33: gracefully shutting down
2025/02/18 18:41:17 [notice] 33#33: exiting
2025/02/18 18:41:17 [notice] 30#30: gracefully shutting down
2025/02/18 18:41:17 [notice] 30#30: exiting
2025/02/18 18:41:17 [notice] 34#34: gracefully shutting down
2025/02/18 18:41:17 [notice] 34#34: exiting
2025/02/18 18:41:17 [notice] 34#34: exit
2025/02/18 18:41:17 [notice] 35#35: gracefully shutting down
2025/02/18 18:41:17 [notice] 36#36: gracefully shutting down
2025/02/18 18:41:17 [notice] 36#36: exiting
2025/02/18 18:41:17 [notice] 38#38: gracefully shutting down
2025/02/18 18:41:17 [notice] 38#38: exiting
2025/02/18 18:41:17 [notice] 37#37: gracefully shutting down
2025/02/18 18:41:17 [notice] 39#39: gracefully shutting down
2025/02/18 18:41:17 [notice] 40#40: gracefully shutting down
2025/02/18 18:41:17 [notice] 41#41: gracefully shutting down
2025/02/18 18:41:17 [notice] 42#42: gracefully shutting down
2025/02/18 18:41:17 [notice] 45#45: gracefully shutting down
2025/02/18 18:41:17 [notice] 45#45: exiting
2025/02/18 18:41:17 [notice] 44#44: gracefully shutting down
2025/02/18 18:41:17 [notice] 44#44: exiting
2025/02/18 18:41:17 [notice] 43#43: gracefully shutting down
2025/02/18 18:41:17 [notice] 43#43: exiting
2025/02/18 18:41:17 [notice] 32#32: gracefully shutting down
2025/02/18 18:41:17 [notice] 31#31: exit
2025/02/18 18:41:17 [notice] 33#33: exit
2025/02/18 18:41:17 [notice] 30#30: exit
2025/02/18 18:41:17 [notice] 35#35: exiting
2025/02/18 18:41:17 [notice] 36#36: exit
2025/02/18 18:41:17 [notice] 38#38: exit
2025/02/18 18:41:17 [notice] 37#37: exiting
2025/02/18 18:41:17 [notice] 39#39: exiting
2025/02/18 18:41:17 [notice] 37#37: exit
2025/02/18 18:41:17 [notice] 40#40: exiting
2025/02/18 18:41:17 [notice] 41#41: exiting
2025/02/18 18:41:17 [notice] 41#41: exit
2025/02/18 18:41:17 [notice] 42#42: exiting
2025/02/18 18:41:17 [notice] 45#45: exit
2025/02/18 18:41:17 [notice] 44#44: exit
2025/02/18 18:41:17 [notice] 43#43: exit
2025/02/18 18:41:17 [notice] 32#32: exiting
2025/02/18 18:41:17 [notice] 1#1: signal 17 (SIGCHLD) received from 34
2025/02/18 18:41:17 [notice] 1#1: worker process 34 exited with code 0
2025/02/18 18:41:17 [notice] 35#35: exit
2025/02/18 18:41:17 [notice] 39#39: exit
2025/02/18 18:41:17 [notice] 40#40: exit
2025/02/18 18:41:17 [notice] 42#42: exit
2025/02/18 18:41:17 [notice] 32#32: exit
2025/02/18 18:41:17 [notice] 1#1: signal 29 (SIGIO) received
2025/02/18 18:41:17 [notice] 1#1: signal 17 (SIGCHLD) received from 38
2025/02/18 18:41:17 [notice] 1#1: worker process 30 exited with code 0
2025/02/18 18:41:17 [notice] 1#1: worker process 31 exited with code 0
2025/02/18 18:41:17 [notice] 1#1: worker process 33 exited with code 0
2025/02/18 18:41:17 [notice] 1#1: worker process 36 exited with code 0
2025/02/18 18:41:17 [notice] 1#1: worker process 37 exited with code 0
2025/02/18 18:41:17 [notice] 1#1: worker process 38 exited with code 0
2025/02/18 18:41:17 [notice] 1#1: worker process 45 exited with code 0
2025/02/18 18:41:17 [notice] 1#1: signal 17 (SIGCHLD) received from 30
2025/02/18 18:41:17 [notice] 1#1: signal 29 (SIGIO) received
2025/02/18 18:41:17 [notice] 1#1: signal 17 (SIGCHLD) received from 41
2025/02/18 18:41:17 [notice] 1#1: worker process 40 exited with code 0
2025/02/18 18:41:17 [notice] 1#1: worker process 41 exited with code 0
2025/02/18 18:41:17 [notice] 1#1: worker process 43 exited with code 0
2025/02/18 18:41:17 [notice] 1#1: worker process 44 exited with code 0
2025/02/18 18:41:17 [notice] 1#1: signal 29 (SIGIO) received
2025/02/18 18:41:17 [notice] 1#1: signal 17 (SIGCHLD) received from 44
2025/02/18 18:41:17 [notice] 1#1: signal 17 (SIGCHLD) received from 35
2025/02/18 18:41:17 [notice] 1#1: worker process 32 exited with code 0
2025/02/18 18:41:17 [notice] 1#1: worker process 35 exited with code 0
2025/02/18 18:41:17 [notice] 1#1: signal 29 (SIGIO) received
2025/02/18 18:41:17 [notice] 1#1: signal 17 (SIGCHLD) received from 32
2025/02/18 18:41:17 [notice] 1#1: signal 17 (SIGCHLD) received from 39
2025/02/18 18:41:17 [notice] 1#1: worker process 39 exited with code 0
2025/02/18 18:41:17 [notice] 1#1: worker process 42 exited with code 0
2025/02/18 18:41:17 [notice] 1#1: exit
2025/02/18 18:54:36 [notice] 1#1: using the "epoll" event method
2025/02/18 18:54:36 [notice] 1#1: nginx/1.27.4
2025/02/18 18:54:36 [notice] 1#1: built by gcc 14.2.0 (Alpine 14.2.0) 
2025/02/18 18:54:36 [notice] 1#1: OS: Linux 6.12.5-linuxkit
2025/02/18 18:54:36 [notice] 1#1: getrlimit(RLIMIT_NOFILE): 1048576:1048576
2025/02/18 18:54:36 [notice] 1#1: start worker processes
2025/02/18 18:54:36 [notice] 1#1: start worker process 30
2025/02/18 18:54:36 [notice] 1#1: start worker process 31
2025/02/18 18:54:36 [notice] 1#1: start worker process 32
2025/02/18 18:54:36 [notice] 1#1: start worker process 33
2025/02/18 18:54:36 [notice] 1#1: start worker process 34
2025/02/18 18:54:36 [notice] 1#1: start worker process 35
2025/02/18 18:54:36 [notice] 1#1: start worker process 36
2025/02/18 18:54:36 [notice] 1#1: start worker process 37
2025/02/18 18:54:36 [notice] 1#1: start worker process 38
2025/02/18 18:54:36 [notice] 1#1: start worker process 39
2025/02/18 18:54:36 [notice] 1#1: start worker process 40
2025/02/18 18:54:36 [notice] 1#1: start worker process 41
2025/02/18 18:54:36 [notice] 1#1: start worker process 42
2025/02/18 18:54:36 [notice] 1#1: start worker process 43
2025/02/18 18:54:36 [notice] 1#1: start worker process 44
2025/02/18 18:54:36 [notice] 1#1: start worker process 45
2025/02/18 18:55:33 [notice] 1#1: signal 3 (SIGQUIT) received, shutting down
2025/02/18 18:55:33 [notice] 31#31: gracefully shutting down
2025/02/18 18:55:33 [notice] 31#31: exiting
2025/02/18 18:55:33 [notice] 37#37: gracefully shutting down
2025/02/18 18:55:33 [notice] 36#36: gracefully shutting down
2025/02/18 18:55:33 [notice] 36#36: exiting
2025/02/18 18:55:33 [notice] 32#32: gracefully shutting down
2025/02/18 18:55:33 [notice] 32#32: exiting
2025/02/18 18:55:33 [notice] 35#35: gracefully shutting down
2025/02/18 18:55:33 [notice] 35#35: exiting
2025/02/18 18:55:33 [notice] 34#34: gracefully shutting down
2025/02/18 18:55:33 [notice] 34#34: exiting
2025/02/18 18:55:33 [notice] 38#38: gracefully shutting down
2025/02/18 18:55:33 [notice] 38#38: exiting
2025/02/18 18:55:33 [notice] 40#40: gracefully shutting down
2025/02/18 18:55:33 [notice] 39#39: gracefully shutting down
2025/02/18 18:55:33 [notice] 41#41: gracefully shutting down
2025/02/18 18:55:33 [notice] 41#41: exiting
2025/02/18 18:55:33 [notice] 42#42: gracefully shutting down
2025/02/18 18:55:33 [notice] 44#44: gracefully shutting down
2025/02/18 18:55:33 [notice] 43#43: gracefully shutting down
2025/02/18 18:55:33 [notice] 33#33: gracefully shutting down
2025/02/18 18:55:33 [notice] 45#45: gracefully shutting down
2025/02/18 18:55:33 [notice] 45#45: exiting
2025/02/18 18:55:33 [notice] 45#45: exit
2025/02/18 18:55:33 [notice] 30#30: gracefully shutting down
2025/02/18 18:55:33 [notice] 30#30: exiting
2025/02/18 18:55:33 [notice] 30#30: exit
2025/02/18 18:55:33 [notice] 31#31: exit
2025/02/18 18:55:33 [notice] 37#37: exiting
2025/02/18 18:55:33 [notice] 37#37: exit
2025/02/18 18:55:33 [notice] 36#36: exit
2025/02/18 18:55:33 [notice] 32#32: exit
2025/02/18 18:55:33 [notice] 35#35: exit
2025/02/18 18:55:33 [notice] 34#34: exit
2025/02/18 18:55:33 [notice] 38#38: exit
2025/02/18 18:55:33 [notice] 40#40: exiting
2025/02/18 18:55:33 [notice] 39#39: exiting
2025/02/18 18:55:33 [notice] 39#39: exit
2025/02/18 18:55:33 [notice] 41#41: exit
2025/02/18 18:55:33 [notice] 42#42: exiting
2025/02/18 18:55:33 [notice] 44#44: exiting
2025/02/18 18:55:33 [notice] 43#43: exiting
2025/02/18 18:55:33 [notice] 33#33: exiting
2025/02/18 18:55:33 [notice] 40#40: exit
2025/02/18 18:55:33 [notice] 33#33: exit
2025/02/18 18:55:33 [notice] 42#42: exit
2025/02/18 18:55:33 [notice] 44#44: exit
2025/02/18 18:55:33 [notice] 43#43: exit
2025/02/18 18:55:33 [notice] 1#1: signal 17 (SIGCHLD) received from 31
2025/02/18 18:55:33 [notice] 1#1: worker process 30 exited with code 0
2025/02/18 18:55:33 [notice] 1#1: worker process 31 exited with code 0
2025/02/18 18:55:33 [notice] 1#1: worker process 32 exited with code 0
2025/02/18 18:55:33 [notice] 1#1: worker process 34 exited with code 0
2025/02/18 18:55:33 [notice] 1#1: worker process 35 exited with code 0
2025/02/18 18:55:33 [notice] 1#1: worker process 36 exited with code 0
2025/02/18 18:55:33 [notice] 1#1: worker process 37 exited with code 0
2025/02/18 18:55:33 [notice] 1#1: worker process 38 exited with code 0
2025/02/18 18:55:33 [notice] 1#1: worker process 45 exited with code 0
2025/02/18 18:55:33 [notice] 1#1: signal 29 (SIGIO) received
2025/02/18 18:55:33 [notice] 1#1: signal 17 (SIGCHLD) received from 45
2025/02/18 18:55:33 [notice] 1#1: signal 17 (SIGCHLD) received from 41
2025/02/18 18:55:33 [notice] 1#1: worker process 41 exited with code 0
2025/02/18 18:55:33 [notice] 1#1: signal 29 (SIGIO) received
2025/02/18 18:55:33 [notice] 1#1: signal 17 (SIGCHLD) received from 39
2025/02/18 18:55:33 [notice] 1#1: worker process 39 exited with code 0
2025/02/18 18:55:33 [notice] 1#1: signal 29 (SIGIO) received
2025/02/18 18:55:33 [notice] 1#1: signal 17 (SIGCHLD) received from 33
2025/02/18 18:55:33 [notice] 1#1: worker process 33 exited with code 0
2025/02/18 18:55:33 [notice] 1#1: signal 29 (SIGIO) received
2025/02/18 18:55:33 [notice] 1#1: signal 17 (SIGCHLD) received from 40
2025/02/18 18:55:33 [notice] 1#1: worker process 40 exited with code 0
2025/02/18 18:55:33 [notice] 1#1: signal 29 (SIGIO) received
2025/02/18 18:55:33 [notice] 1#1: signal 17 (SIGCHLD) received from 42
2025/02/18 18:55:33 [notice] 1#1: worker process 42 exited with code 0
2025/02/18 18:55:33 [notice] 1#1: signal 29 (SIGIO) received
2025/02/18 18:55:33 [notice] 1#1: signal 17 (SIGCHLD) received from 43
2025/02/18 18:55:33 [notice] 1#1: worker process 43 exited with code 0
2025/02/18 18:55:33 [notice] 1#1: signal 29 (SIGIO) received
2025/02/18 18:55:33 [notice] 1#1: signal 17 (SIGCHLD) received from 44
2025/02/18 18:55:33 [notice] 1#1: worker process 44 exited with code 0
2025/02/18 18:55:33 [notice] 1#1: exit
